# JRE version: Java(TM) SE Runtime Environment (17.0.10+11) (build 17.0.10+11-LTS-240)
# Java VM: Java HotSpot(TM) 64-Bit Server VM (17.0.10+11-LTS-240, mixed mode, sharing, tiered, compressed oops, compressed class ptrs, g1 gc, windows-amd64)
GC Precious Log:
 CPUs: 4 total, 4 available
 Memory: 3930M
 Large Page Support: Disabled
 NUMA Support: Disabled
 Compressed Oops: Enabled (32-bit)
 Heap Region Size: 1M
 Heap Min Capacity: 8M
 Heap Initial Capacity: 62M
 Heap Max Capacity: 984M
 Pre-touch: Disabled
 Parallel Workers: 4
 Concurrent Workers: 1
 Concurrent Refinement Workers: 4
 Periodic GC: Disabled
Heap:
 garbage-first heap   total 157696K, used 70105K [0x00000000c2800000, 0x0000000100000000)
  region size 1024K, 27 young (27648K), 1 survivors (1024K)
 Metaspace       used 31367K, committed 31808K, reserved 1114112K
  class space    used 3554K, committed 3776K, reserved 1048576K
GC Heap History (20 events):
Event: 26.398 GC heap before
{Heap before GC invocations=15 (full 0):
 garbage-first heap   total 78848K, used 58238K [0x00000000c2800000, 0x0000000100000000)
  region size 1024K, 20 young (20480K), 1 survivors (1024K)
 Metaspace       used 28487K, committed 28736K, reserved 1114112K
  class space    used 3263K, committed 3392K, reserved 1048576K
}
Event: 26.402 GC heap after
{Heap after GC invocations=16 (full 0):
 garbage-first heap   total 78848K, used 38893K [0x00000000c2800000, 0x0000000100000000)
  region size 1024K, 1 young (1024K), 1 survivors (1024K)
 Metaspace       used 28487K, committed 28736K, reserved 1114112K
  class space    used 3263K, committed 3392K, reserved 1048576K
}
Event: 28.988 GC heap before
{Heap before GC invocations=17 (full 0):
 garbage-first heap   total 78848K, used 59373K [0x00000000c2800000, 0x0000000100000000)
  region size 1024K, 22 young (22528K), 1 survivors (1024K)
 Metaspace       used 30043K, committed 30400K, reserved 1114112K
  class space    used 3450K, committed 3584K, reserved 1048576K
}
Event: 28.998 GC heap after
{Heap after GC invocations=18 (full 0):
 garbage-first heap   total 78848K, used 40217K [0x00000000c2800000, 0x0000000100000000)
  region size 1024K, 3 young (3072K), 3 survivors (3072K)
 Metaspace       used 30043K, committed 30400K, reserved 1114112K
  class space    used 3450K, committed 3584K, reserved 1048576K
}
Event: 31.982 GC heap before
{Heap before GC invocations=18 (full 0):
 garbage-first heap   total 78848K, used 50457K [0x00000000c2800000, 0x0000000100000000)
  region size 1024K, 14 young (14336K), 3 survivors (3072K)
 Metaspace       used 30434K, committed 30784K, reserved 1114112K
  class space    used 3481K, committed 3648K, reserved 1048576K
}
Event: 31.993 GC heap after
{Heap after GC invocations=19 (full 0):
 garbage-first heap   total 78848K, used 40610K [0x00000000c2800000, 0x0000000100000000)
  region size 1024K, 2 young (2048K), 2 survivors (2048K)
 Metaspace       used 30434K, committed 30784K, reserved 1114112K
  class space    used 3481K, committed 3648K, reserved 1048576K
}
Event: 32.704 GC heap before
{Heap before GC invocations=20 (full 0):
 garbage-first heap   total 78848K, used 66210K [0x00000000c2800000, 0x0000000100000000)
  region size 1024K, 23 young (23552K), 2 survivors (2048K)
 Metaspace       used 30483K, committed 30784K, reserved 1114112K
  class space    used 3482K, committed 3648K, reserved 1048576K
}
Event: 32.724 GC heap after
{Heap after GC invocations=21 (full 0):
 garbage-first heap   total 78848K, used 54125K [0x00000000c2800000, 0x0000000100000000)
  region size 1024K, 3 young (3072K), 3 survivors (3072K)
 Metaspace       used 30483K, committed 30784K, reserved 1114112K
  class space    used 3482K, committed 3648K, reserved 1048576K
}
Event: 32.742 GC heap before
{Heap before GC invocations=21 (full 0):
 garbage-first heap   total 78848K, used 55149K [0x00000000c2800000, 0x0000000100000000)
  region size 1024K, 4 young (4096K), 3 survivors (3072K)
 Metaspace       used 30483K, committed 30784K, reserved 1114112K
  class space    used 3482K, committed 3648K, reserved 1048576K
}
Event: 32.753 GC heap after
{Heap after GC invocations=22 (full 0):
 garbage-first heap   total 78848K, used 48637K [0x00000000c2800000, 0x0000000100000000)
  region size 1024K, 1 young (1024K), 1 survivors (1024K)
 Metaspace       used 30483K, committed 30784K, reserved 1114112K
  class space    used 3482K, committed 3648K, reserved 1048576K
}
Event: 32.906 GC heap before
{Heap before GC invocations=22 (full 0):
 garbage-first heap   total 78848K, used 49661K [0x00000000c2800000, 0x0000000100000000)
  region size 1024K, 3 young (3072K), 1 survivors (1024K)
 Metaspace       used 30485K, committed 30784K, reserved 1114112K
  class space    used 3482K, committed 3648K, reserved 1048576K
}
Event: 32.918 GC heap after
{Heap after GC invocations=23 (full 0):
 garbage-first heap   total 78848K, used 47608K [0x00000000c2800000, 0x0000000100000000)
  region size 1024K, 1 young (1024K), 1 survivors (1024K)
 Metaspace       used 30485K, committed 30784K, reserved 1114112K
  class space    used 3482K, committed 3648K, reserved 1048576K
}
Event: 33.740 GC heap before
{Heap before GC invocations=23 (full 0):
 garbage-first heap   total 78848K, used 60920K [0x00000000c2800000, 0x0000000100000000)
  region size 1024K, 14 young (14336K), 1 survivors (1024K)
 Metaspace       used 30509K, committed 30784K, reserved 1114112K
  class space    used 3482K, committed 3648K, reserved 1048576K
}
Event: 33.750 GC heap after
{Heap after GC invocations=24 (full 0):
 garbage-first heap   total 78848K, used 52673K [0x00000000c2800000, 0x0000000100000000)
  region size 1024K, 2 young (2048K), 2 survivors (2048K)
 Metaspace       used 30509K, committed 30784K, reserved 1114112K
  class space    used 3482K, committed 3648K, reserved 1048576K
}
Event: 36.008 GC heap before
{Heap before GC invocations=25 (full 0):
 garbage-first heap   total 86016K, used 57793K [0x00000000c2800000, 0x0000000100000000)
  region size 1024K, 11 young (11264K), 2 survivors (2048K)
 Metaspace       used 29499K, committed 29888K, reserved 1114112K
  class space    used 3344K, committed 3520K, reserved 1048576K
}
Event: 36.022 GC heap after
{Heap after GC invocations=26 (full 0):
 garbage-first heap   total 86016K, used 51133K [0x00000000c2800000, 0x0000000100000000)
  region size 1024K, 1 young (1024K), 1 survivors (1024K)
 Metaspace       used 29499K, committed 29888K, reserved 1114112K
  class space    used 3344K, committed 3520K, reserved 1048576K
}
Event: 36.105 GC heap before
{Heap before GC invocations=26 (full 0):
 garbage-first heap   total 86016K, used 53181K [0x00000000c2800000, 0x0000000100000000)
  region size 1024K, 4 young (4096K), 1 survivors (1024K)
 Metaspace       used 29542K, committed 29888K, reserved 1114112K
  class space    used 3365K, committed 3520K, reserved 1048576K
}
Event: 36.119 GC heap after
{Heap after GC invocations=27 (full 0):
 garbage-first heap   total 86016K, used 44447K [0x00000000c2800000, 0x0000000100000000)
  region size 1024K, 1 young (1024K), 1 survivors (1024K)
 Metaspace       used 29542K, committed 29888K, reserved 1114112K
  class space    used 3365K, committed 3520K, reserved 1048576K
}
Event: 37.617 GC heap before
{Heap before GC invocations=27 (full 0):
 garbage-first heap   total 86016K, used 61855K [0x00000000c2800000, 0x0000000100000000)
  region size 1024K, 19 young (19456K), 1 survivors (1024K)
 Metaspace       used 30372K, committed 30656K, reserved 1114112K
  class space    used 3474K, committed 3584K, reserved 1048576K
}
Event: 37.620 GC heap after
{Heap after GC invocations=28 (full 0):
 garbage-first heap   total 185344K, used 44505K [0x00000000c2800000, 0x0000000100000000)
  region size 1024K, 1 young (1024K), 1 survivors (1024K)
 Metaspace       used 30372K, committed 30656K, reserved 1114112K
  class space    used 3474K, committed 3584K, reserved 1048576K
}

